{"numTotalTestSuites":358,"numPassedTestSuites":314,"numFailedTestSuites":44,"numPendingTestSuites":0,"numTotalTests":889,"numPassedTests":826,"numFailedTests":51,"numPendingTests":4,"numTodoTests":8,"snapshot":{"added":0,"failure":false,"filesAdded":0,"filesRemoved":0,"filesRemovedList":[],"filesUnmatched":0,"filesUpdated":0,"matched":0,"total":0,"unchecked":0,"uncheckedKeysByFile":[],"unmatched":0,"updated":0,"didUpdate":false},"startTime":1772025785164,"success":false,"testResults":[{"assertionResults":[{"ancestorTitles":["Gemini Process Pipeline Integration","when processing a document with extraction-enabled tags"],"fullName":"Gemini Process Pipeline Integration when processing a document with extraction-enabled tags creates split rows for each Gemini split","status":"todo","title":"creates split rows for each Gemini split","failureMessages":[],"meta":{}},{"ancestorTitles":["Gemini Process Pipeline Integration","when processing a document with extraction-enabled tags"],"fullName":"Gemini Process Pipeline Integration when processing a document with extraction-enabled tags calls ExtendAI for splits with extendProcessorId","status":"todo","title":"calls ExtendAI for splits with extendProcessorId","failureMessages":[],"meta":{}},{"ancestorTitles":["Gemini Process Pipeline Integration","when processing a document with extraction-enabled tags"],"fullName":"Gemini Process Pipeline Integration when processing a document with extraction-enabled tags sets extraction_status to 'complete' when validation passes","status":"todo","title":"sets extraction_status to 'complete' when validation passes","failureMessages":[],"meta":{}},{"ancestorTitles":["Gemini Process Pipeline Integration","when processing a document with extraction-enabled tags"],"fullName":"Gemini Process Pipeline Integration when processing a document with extraction-enabled tags sets extraction_status to 'needs_review' when validation fails","status":"todo","title":"sets extraction_status to 'needs_review' when validation fails","failureMessages":[],"meta":{}},{"ancestorTitles":["Gemini Process Pipeline Integration","when processing a document with extraction-enabled tags"],"fullName":"Gemini Process Pipeline Integration when processing a document with extraction-enabled tags sets extraction_status to 'failed' when ExtendAI errors","status":"todo","title":"sets extraction_status to 'failed' when ExtendAI errors","failureMessages":[],"meta":{}},{"ancestorTitles":["Gemini Process Pipeline Integration","when processing with default config (no extraction)"],"fullName":"Gemini Process Pipeline Integration when processing with default config (no extraction) creates split rows with extraction_status 'complete'","status":"todo","title":"creates split rows with extraction_status 'complete'","failureMessages":[],"meta":{}},{"ancestorTitles":["Gemini Process Pipeline Integration","when processing with default config (no extraction)"],"fullName":"Gemini Process Pipeline Integration when processing with default config (no extraction) does not call ExtendAI","status":"todo","title":"does not call ExtendAI","failureMessages":[],"meta":{}},{"ancestorTitles":["Gemini Process Pipeline Integration","when EXTEND_API_KEY is not configured"],"fullName":"Gemini Process Pipeline Integration when EXTEND_API_KEY is not configured skips extraction and marks splits 'complete'","status":"todo","title":"skips extraction and marks splits 'complete'","failureMessages":[],"meta":{}}],"startTime":1772025785164,"endTime":1772025785164,"status":"passed","message":"","name":"/Users/sethlim/Documents/sunder-next-migration-20260225/src/api/gemini-process-integration.test.ts"},{"assertionResults":[{"ancestorTitles":["validateRequest"],"fullName":"validateRequest accepts valid documentId","status":"passed","title":"accepts valid documentId","duration":1.3512920000000577,"failureMessages":[],"meta":{}},{"ancestorTitles":["validateRequest"],"fullName":"validateRequest rejects missing documentId","status":"passed","title":"rejects missing documentId","duration":0.939583999999968,"failureMessages":[],"meta":{}},{"ancestorTitles":["validateRequest"],"fullName":"validateRequest rejects invalid UUID format","status":"passed","title":"rejects invalid UUID format","duration":0.23954100000014478,"failureMessages":[],"meta":{}},{"ancestorTitles":["extractToken"],"fullName":"extractToken extracts Bearer token from Authorization header","status":"passed","title":"extracts Bearer token from Authorization header","duration":0.2237920000000031,"failureMessages":[],"meta":{}},{"ancestorTitles":["extractToken"],"fullName":"extractToken returns null for missing header","status":"passed","title":"returns null for missing header","duration":0.06562499999995453,"failureMessages":[],"meta":{}},{"ancestorTitles":["extractToken"],"fullName":"extractToken returns null for non-Bearer auth","status":"passed","title":"returns null for non-Bearer auth","duration":0.03929100000004837,"failureMessages":[],"meta":{}},{"ancestorTitles":["extractToken"],"fullName":"extractToken returns null for malformed Bearer header","status":"passed","title":"returns null for malformed Bearer header","duration":0.08354099999996834,"failureMessages":[],"meta":{}},{"ancestorTitles":["createSuccessResponse"],"fullName":"createSuccessResponse wraps data in success response","status":"passed","title":"wraps data in success response","duration":0.48412499999994907,"failureMessages":[],"meta":{}},{"ancestorTitles":["createErrorResponse"],"fullName":"createErrorResponse wraps error message in error response","status":"passed","title":"wraps error message in error response","duration":0.2231249999999818,"failureMessages":[],"meta":{}}],"startTime":1772025804091,"endTime":1772025804095.4841,"status":"passed","message":"","name":"/Users/sethlim/Documents/sunder-next-migration-20260225/src/api/gemini-process.test.ts"},{"assertionResults":[{"ancestorTitles":["config index exports"],"fullName":"config index exports exports CONFIDENCE_THRESHOLD","status":"passed","title":"exports CONFIDENCE_THRESHOLD","duration":0.4941670000000613,"failureMessages":[],"meta":{}},{"ancestorTitles":["config index exports"],"fullName":"config index exports exports getClientConfig","status":"passed","title":"exports getClientConfig","duration":0.15674999999998818,"failureMessages":[],"meta":{}},{"ancestorTitles":["config index exports"],"fullName":"config index exports exports getAvailableConfigIds","status":"passed","title":"exports getAvailableConfigIds","duration":0.3670000000000755,"failureMessages":[],"meta":{}},{"ancestorTitles":["config index exports"],"fullName":"config index exports exports buildSplitterPrompt","status":"passed","title":"exports buildSplitterPrompt","duration":0.2123749999999518,"failureMessages":[],"meta":{}},{"ancestorTitles":["config index exports"],"fullName":"config index exports exports validateExtraction","status":"passed","title":"exports validateExtraction","duration":0.055000000000063665,"failureMessages":[],"meta":{}},{"ancestorTitles":["config index exports"],"fullName":"config index exports exports defaultConfig","status":"passed","title":"exports defaultConfig","duration":0.037790999999970154,"failureMessages":[],"meta":{}}],"startTime":1772025804764,"endTime":1772025804765.367,"status":"passed","message":"","name":"/Users/sethlim/Documents/sunder-next-migration-20260225/src/config/index.test.ts"},{"assertionResults":[{"ancestorTitles":["getClientConfig"],"fullName":"getClientConfig returns default config for 'default' id","status":"passed","title":"returns default config for 'default' id","duration":1.3253750000001219,"failureMessages":[],"meta":{}},{"ancestorTitles":["getClientConfig"],"fullName":"getClientConfig returns default config for null id","status":"passed","title":"returns default config for null id","duration":0.11762500000008913,"failureMessages":[],"meta":{}},{"ancestorTitles":["getClientConfig"],"fullName":"getClientConfig returns default config for unknown id with console warning","status":"passed","title":"returns default config for unknown id with console warning","duration":1.1026670000001104,"failureMessages":[],"meta":{}},{"ancestorTitles":["getAvailableConfigIds"],"fullName":"getAvailableConfigIds returns array of available config IDs","status":"passed","title":"returns array of available config IDs","duration":0.4002499999999145,"failureMessages":[],"meta":{}},{"ancestorTitles":["loader (simplified - no schema exports)"],"fullName":"loader (simplified - no schema exports) does not export getSchemaForTag","status":"passed","title":"does not export getSchemaForTag","duration":0.31550000000015643,"failureMessages":[],"meta":{}},{"ancestorTitles":["loader (simplified - no schema exports)"],"fullName":"loader (simplified - no schema exports) does not export SchemaInfo","status":"passed","title":"does not export SchemaInfo","duration":0.1885419999998703,"failureMessages":[],"meta":{}},{"ancestorTitles":["loader (simplified - no schema exports)"],"fullName":"loader (simplified - no schema exports) does not export schemaRegistry","status":"passed","title":"does not export schemaRegistry","duration":0.15520900000001348,"failureMessages":[],"meta":{}}],"startTime":1772025804173,"endTime":1772025804177.1553,"status":"passed","message":"","name":"/Users/sethlim/Documents/sunder-next-migration-20260225/src/config/loader.test.ts"},{"assertionResults":[{"ancestorTitles":["buildSplitterPrompt"],"fullName":"buildSplitterPrompt includes role section","status":"passed","title":"includes role section","duration":1.5050410000000056,"failureMessages":[],"meta":{}},{"ancestorTitles":["buildSplitterPrompt"],"fullName":"buildSplitterPrompt includes all tag IDs in available types line","status":"passed","title":"includes all tag IDs in available types line","duration":0.48254099999996924,"failureMessages":[],"meta":{}},{"ancestorTitles":["buildSplitterPrompt"],"fullName":"buildSplitterPrompt includes classification hints for each tag","status":"passed","title":"includes classification hints for each tag","duration":0.1199579999999969,"failureMessages":[],"meta":{}},{"ancestorTitles":["buildSplitterPrompt with custom config"],"fullName":"buildSplitterPrompt with custom config uses custom tag IDs and hints","status":"passed","title":"uses custom tag IDs and hints","duration":0.38850000000002183,"failureMessages":[],"meta":{}}],"startTime":1772025804385,"endTime":1772025804388.3884,"status":"passed","message":"","name":"/Users/sethlim/Documents/sunder-next-migration-20260225/src/config/prompt-builder.test.ts"},{"assertionResults":[{"ancestorTitles":["CONFIDENCE_THRESHOLD"],"fullName":"CONFIDENCE_THRESHOLD is defined as 0.85","status":"passed","title":"is defined as 0.85","duration":1.3018749999999955,"failureMessages":[],"meta":{}},{"ancestorTitles":["ValidationFailure"],"fullName":"ValidationFailure accepts valid validation failure object","status":"passed","title":"accepts valid validation failure object","duration":0.30520799999999326,"failureMessages":[],"meta":{}},{"ancestorTitles":["ValidationFailure"],"fullName":"ValidationFailure includes optional description field for business rationale","status":"passed","title":"includes optional description field for business rationale","duration":0.11950000000001637,"failureMessages":[],"meta":{}},{"ancestorTitles":["ValidationFailure"],"fullName":"ValidationFailure requires description field","status":"passed","title":"requires description field","duration":0.18087500000001455,"failureMessages":[],"meta":{}},{"ancestorTitles":["TagDefinition"],"fullName":"TagDefinition accepts tag with all fields including validate function","status":"passed","title":"accepts tag with all fields including validate function","duration":0.88149999999996,"failureMessages":[],"meta":{}},{"ancestorTitles":["TagDefinition"],"fullName":"TagDefinition accepts tag without validate function","status":"passed","title":"accepts tag without validate function","duration":0.07945900000004258,"failureMessages":[],"meta":{}},{"ancestorTitles":["TagDefinition"],"fullName":"TagDefinition accepts extractionConfig with full ExtendAI config","status":"passed","title":"accepts extractionConfig with full ExtendAI config","duration":0.16220800000007785,"failureMessages":[],"meta":{}},{"ancestorTitles":["TagDefinition"],"fullName":"TagDefinition extractionConfig is optional (backwards compatible)","status":"passed","title":"extractionConfig is optional (backwards compatible)","duration":0.0432500000000573,"failureMessages":[],"meta":{}},{"ancestorTitles":["ClientConfig"],"fullName":"ClientConfig accepts valid client config with tags array","status":"passed","title":"accepts valid client config with tags array","duration":0.26662499999997635,"failureMessages":[],"meta":{}}],"startTime":1772025803021,"endTime":1772025803024.2666,"status":"passed","message":"","name":"/Users/sethlim/Documents/sunder-next-migration-20260225/src/config/types.test.ts"},{"assertionResults":[{"ancestorTitles":["LowConfidenceField"],"fullName":"LowConfidenceField accepts valid low confidence field object","status":"passed","title":"accepts valid low confidence field object","duration":0.9109579999999369,"failureMessages":[],"meta":{}},{"ancestorTitles":["ValidationFailure type"],"fullName":"ValidationFailure type should include field property in validation failures","status":"passed","title":"should include field property in validation failures","duration":0.4405420000000504,"failureMessages":[],"meta":{}},{"ancestorTitles":["validateExtraction"],"fullName":"validateExtraction returns valid=true when no failures and high confidence","status":"passed","title":"returns valid=true when no failures and high confidence","duration":1.2248340000001008,"failureMessages":[],"meta":{}},{"ancestorTitles":["validateExtraction"],"fullName":"validateExtraction returns valid=false when validation fails","status":"passed","title":"returns valid=false when validation fails","duration":0.8328329999999369,"failureMessages":[],"meta":{}},{"ancestorTitles":["validateExtraction"],"fullName":"validateExtraction returns valid=false when confidence below threshold","status":"passed","title":"returns valid=false when confidence below threshold","duration":0.6508330000001479,"failureMessages":[],"meta":{}},{"ancestorTitles":["validateExtraction"],"fullName":"validateExtraction ignores null ocrConfidence (digital/typed documents)","status":"passed","title":"ignores null ocrConfidence (digital/typed documents)","duration":0.5158340000000408,"failureMessages":[],"meta":{}},{"ancestorTitles":["validateExtraction"],"fullName":"validateExtraction skips validation when tag has no validate function","status":"passed","title":"skips validation when tag has no validate function","duration":0.37745799999993324,"failureMessages":[],"meta":{}},{"ancestorTitles":["validateExtraction"],"fullName":"validateExtraction does not flag confidence exactly at threshold (0.85)","status":"passed","title":"does not flag confidence exactly at threshold (0.85)","duration":0.42991699999993216,"failureMessages":[],"meta":{}}],"startTime":1772025803616,"endTime":1772025803621.5159,"status":"passed","message":"","name":"/Users/sethlim/Documents/sunder-next-migration-20260225/src/config/validator.test.ts"},{"assertionResults":[{"ancestorTitles":["useHighlights"],"fullName":"useHighlights starts with empty highlights","status":"passed","title":"starts with empty highlights","duration":22.711332999999968,"failureMessages":[],"meta":{}},{"ancestorTitles":["useHighlights"],"fullName":"useHighlights throws error when used outside provider","status":"passed","title":"throws error when used outside provider","duration":8.25929199999996,"failureMessages":[],"meta":{}},{"ancestorTitles":["useSetHighlights"],"fullName":"useSetHighlights throws error when used outside provider","status":"passed","title":"throws error when used outside provider","duration":1.7104170000000067,"failureMessages":[],"meta":{}},{"ancestorTitles":["useSetHighlights"],"fullName":"useSetHighlights updates highlights when setHighlights is called","status":"passed","title":"updates highlights when setHighlights is called","duration":3.4111250000000837,"failureMessages":[],"meta":{}},{"ancestorTitles":["useSetHighlights"],"fullName":"useSetHighlights calls jumpToPage with first highlight pageIndex when setting highlights","status":"passed","title":"calls jumpToPage with first highlight pageIndex when setting highlights","duration":4.109749999999849,"failureMessages":[],"meta":{}},{"ancestorTitles":["useSetHighlights"],"fullName":"useSetHighlights does not call jumpToPage when setting empty highlights","status":"passed","title":"does not call jumpToPage when setting empty highlights","duration":1.6996250000001965,"failureMessages":[],"meta":{}}],"startTime":1772025800466,"endTime":1772025800508.6997,"status":"passed","message":"","name":"/Users/sethlim/Documents/sunder-next-migration-20260225/src/contexts/highlight-context.test.tsx"},{"assertionResults":[{"ancestorTitles":["useUpload"],"fullName":"useUpload starts with empty queue","status":"passed","title":"starts with empty queue","duration":81.39129099999991,"failureMessages":[],"meta":{}},{"ancestorTitles":["useUpload"],"fullName":"useUpload adds files to queue","status":"passed","title":"adds files to queue","duration":10.253125000000182,"failureMessages":[],"meta":{}},{"ancestorTitles":["useUpload"],"fullName":"useUpload updates item status","status":"passed","title":"updates item status","duration":10.79316700000004,"failureMessages":[],"meta":{}},{"ancestorTitles":["useUpload"],"fullName":"useUpload sets error on failed status","status":"passed","title":"sets error on failed status","duration":2.742292000000134,"failureMessages":[],"meta":{}},{"ancestorTitles":["useUpload"],"fullName":"useUpload clears completed items","status":"passed","title":"clears completed items","duration":3.9017919999998867,"failureMessages":[],"meta":{}},{"ancestorTitles":["useUpload"],"fullName":"useUpload dismisses panel","status":"passed","title":"dismisses panel","duration":9.176665999999841,"failureMessages":[],"meta":{}},{"ancestorTitles":["useUpload"],"fullName":"useUpload throws error when used outside provider","status":"passed","title":"throws error when used outside provider","duration":28.483708000000206,"failureMessages":[],"meta":{}},{"ancestorTitles":["useUpload"],"fullName":"useUpload marks unsupported file types as failed with error message","status":"passed","title":"marks unsupported file types as failed with error message","duration":4.482584000000088,"failureMessages":[],"meta":{}},{"ancestorTitles":["useUpload"],"fullName":"useUpload accepts supported file types as pending and unsupported as failed","status":"passed","title":"accepts supported file types as pending and unsupported as failed","duration":21.6612090000001,"failureMessages":[],"meta":{}},{"ancestorTitles":["isAllowedFileType"],"fullName":"isAllowedFileType allows PDF files","status":"passed","title":"allows PDF files","duration":0.14679200000000492,"failureMessages":[],"meta":{}},{"ancestorTitles":["isAllowedFileType"],"fullName":"isAllowedFileType allows image files","status":"passed","title":"allows image files","duration":0.4572920000000522,"failureMessages":[],"meta":{}},{"ancestorTitles":["isAllowedFileType"],"fullName":"isAllowedFileType rejects Office files","status":"passed","title":"rejects Office files","duration":0.14200000000005275,"failureMessages":[],"meta":{}},{"ancestorTitles":["isAllowedFileType"],"fullName":"isAllowedFileType rejects other unsupported types","status":"passed","title":"rejects other unsupported types","duration":0.12504199999989396,"failureMessages":[],"meta":{}}],"startTime":1772025800494,"endTime":1772025800670.125,"status":"passed","message":"","name":"/Users/sethlim/Documents/sunder-next-migration-20260225/src/contexts/upload-context.test.tsx"},{"assertionResults":[{"ancestorTitles":["useCases"],"fullName":"useCases returns cases array","status":"passed","title":"returns cases array","duration":68.47054200000002,"failureMessages":[],"meta":{}},{"ancestorTitles":["useCase"],"fullName":"useCase fetches single case by ID","status":"passed","title":"fetches single case by ID","duration":57.811041999999816,"failureMessages":[],"meta":{}},{"ancestorTitles":["useCreateCase"],"fullName":"useCreateCase provides mutate function","status":"passed","title":"provides mutate function","duration":4.112916999999925,"failureMessages":[],"meta":{}},{"ancestorTitles":["useUpdateCase"],"fullName":"useUpdateCase provides mutate function","status":"passed","title":"provides mutate function","duration":4.927458999999999,"failureMessages":[],"meta":{}},{"ancestorTitles":["caseDetailQueryOptions"],"fullName":"caseDetailQueryOptions returns correct queryKey for case ID","status":"passed","title":"returns correct queryKey for case ID","duration":1.232542000000194,"failureMessages":[],"meta":{}},{"ancestorTitles":["caseDetailQueryOptions"],"fullName":"caseDetailQueryOptions has queryFn defined","status":"passed","title":"has queryFn defined","duration":0.2526660000000902,"failureMessages":[],"meta":{}}],"startTime":1772025798788,"endTime":1772025798926.2527,"status":"passed","message":"","name":"/Users/sethlim/Documents/sunder-next-migration-20260225/src/hooks/use-cases.test.tsx"},{"assertionResults":[{"ancestorTitles":["docgenKeys"],"fullName":"docgenKeys creates correct history key","status":"passed","title":"creates correct history key","duration":0.7309589999999844,"failureMessages":[],"meta":{}},{"ancestorTitles":["docgenKeys"],"fullName":"docgenKeys creates correct all key","status":"passed","title":"creates correct all key","duration":0.26749999999992724,"failureMessages":[],"meta":{}}],"startTime":1772025804717,"endTime":1772025804718.2676,"status":"passed","message":"","name":"/Users/sethlim/Documents/sunder-next-migration-20260225/src/hooks/use-docgen.test.ts"},{"assertionResults":[{"ancestorTitles":["documentKeys"],"fullName":"documentKeys generates list key for a case","status":"passed","title":"generates list key for a case","duration":3.541417000000024,"failureMessages":[],"meta":{}},{"ancestorTitles":["documentKeys"],"fullName":"documentKeys generates detail key for a document","status":"passed","title":"generates detail key for a document","duration":1.0000420000000076,"failureMessages":[],"meta":{}},{"ancestorTitles":["useDocuments"],"fullName":"useDocuments fetches documents for a case","status":"passed","title":"fetches documents for a case","duration":104.66166699999997,"failureMessages":[],"meta":{}},{"ancestorTitles":["useCreateDocument"],"fullName":"useCreateDocument provides mutate function","status":"passed","title":"provides mutate function","duration":8.393624999999929,"failureMessages":[],"meta":{}},{"ancestorTitles":["useDeleteDocument"],"fullName":"useDeleteDocument provides mutate function","status":"passed","title":"provides mutate function","duration":4.515583000000106,"failureMessages":[],"meta":{}},{"ancestorTitles":["useDeleteDocument"],"fullName":"useDeleteDocument deletes database record before storage to prevent orphaned files","status":"passed","title":"deletes database record before storage to prevent orphaned files","duration":55.368832999999995,"failureMessages":[],"meta":{}},{"ancestorTitles":["documentsQueryOptions"],"fullName":"documentsQueryOptions returns correct queryKey for case ID","status":"passed","title":"returns correct queryKey for case ID","duration":0.5934169999998176,"failureMessages":[],"meta":{}},{"ancestorTitles":["documentsQueryOptions"],"fullName":"documentsQueryOptions has queryFn defined","status":"passed","title":"has queryFn defined","duration":0.2167500000000473,"failureMessages":[],"meta":{}},{"ancestorTitles":["hasProcessingDocuments"],"fullName":"hasProcessingDocuments returns true when any document is uploaded","status":"passed","title":"returns true when any document is uploaded","duration":0.6401249999998981,"failureMessages":[],"meta":{}},{"ancestorTitles":["hasProcessingDocuments"],"fullName":"hasProcessingDocuments returns true when any document is processing","status":"passed","title":"returns true when any document is processing","duration":0.13354200000003402,"failureMessages":[],"meta":{}},{"ancestorTitles":["hasProcessingDocuments"],"fullName":"hasProcessingDocuments returns false when all documents are complete","status":"passed","title":"returns false when all documents are complete","duration":0.17908299999999144,"failureMessages":[],"meta":{}},{"ancestorTitles":["hasProcessingDocuments"],"fullName":"hasProcessingDocuments returns false when all documents are failed","status":"passed","title":"returns false when all documents are failed","duration":0.08750000000009095,"failureMessages":[],"meta":{}},{"ancestorTitles":["hasProcessingDocuments"],"fullName":"hasProcessingDocuments returns false for empty array","status":"passed","title":"returns false for empty array","duration":0.09233299999982592,"failureMessages":[],"meta":{}},{"ancestorTitles":["hasProcessingDocuments"],"fullName":"hasProcessingDocuments returns false for undefined","status":"passed","title":"returns false for undefined","duration":0.08995800000002419,"failureMessages":[],"meta":{}},{"ancestorTitles":["documentKeys - listWithStatus"],"fullName":"documentKeys - listWithStatus generates list-with-status key for a case","status":"passed","title":"generates list-with-status key for a case","duration":0.193416999999954,"failureMessages":[],"meta":{}},{"ancestorTitles":["documentsWithStatusQueryOptions"],"fullName":"documentsWithStatusQueryOptions returns correct queryKey for case ID","status":"passed","title":"returns correct queryKey for case ID","duration":0.24250000000006366,"failureMessages":[],"meta":{}},{"ancestorTitles":["documentsWithStatusQueryOptions"],"fullName":"documentsWithStatusQueryOptions has queryFn defined","status":"passed","title":"has queryFn defined","duration":0.11841700000013589,"failureMessages":[],"meta":{}},{"ancestorTitles":["useDocumentsWithStatus"],"fullName":"useDocumentsWithStatus fetches documents with computed status","status":"passed","title":"fetches documents with computed status","duration":57.869457999999895,"failureMessages":[],"meta":{}},{"ancestorTitles":["useDocumentsWithStatus"],"fullName":"useDocumentsWithStatus includes is_reviewed field","status":"passed","title":"includes is_reviewed field","duration":58.36683300000004,"failureMessages":[],"meta":{}},{"ancestorTitles":["hasProcessingDocumentsWithStatus"],"fullName":"hasProcessingDocumentsWithStatus returns true when any document is processing","status":"passed","title":"returns true when any document is processing","duration":0.3252079999999751,"failureMessages":[],"meta":{}},{"ancestorTitles":["hasProcessingDocumentsWithStatus"],"fullName":"hasProcessingDocumentsWithStatus returns false when all documents are processed","status":"passed","title":"returns false when all documents are processed","duration":0.07816699999989396,"failureMessages":[],"meta":{}},{"ancestorTitles":["hasProcessingDocumentsWithStatus"],"fullName":"hasProcessingDocumentsWithStatus returns false when all documents are in_review","status":"passed","title":"returns false when all documents are in_review","duration":0.038749999999936335,"failureMessages":[],"meta":{}},{"ancestorTitles":["hasProcessingDocumentsWithStatus"],"fullName":"hasProcessingDocumentsWithStatus returns false for empty array","status":"passed","title":"returns false for empty array","duration":0.17675000000008367,"failureMessages":[],"meta":{}},{"ancestorTitles":["hasProcessingDocumentsWithStatus"],"fullName":"hasProcessingDocumentsWithStatus returns false for undefined","status":"passed","title":"returns false for undefined","duration":0.0281249999998181,"failureMessages":[],"meta":{}},{"ancestorTitles":["useMarkDocumentReviewed"],"fullName":"useMarkDocumentReviewed provides mutate function","status":"passed","title":"provides mutate function","duration":8.73679200000015,"failureMessages":[],"meta":{}},{"ancestorTitles":["useUnmarkDocumentReviewed"],"fullName":"useUnmarkDocumentReviewed provides mutate function","status":"passed","title":"provides mutate function","duration":3.0355829999998605,"failureMessages":[],"meta":{}}],"startTime":1772025798337,"endTime":1772025798649.0356,"status":"passed","message":"","name":"/Users/sethlim/Documents/sunder-next-migration-20260225/src/hooks/use-documents.test.tsx"},{"assertionResults":[{"ancestorTitles":["useFilePaste"],"fullName":"useFilePaste calls onFilesSelected when files pasted","status":"passed","title":"calls onFilesSelected when files pasted","duration":25.457875000000058,"failureMessages":[],"meta":{}},{"ancestorTitles":["useFilePaste"],"fullName":"useFilePaste ignores paste in input element","status":"passed","title":"ignores paste in input element","duration":17.7175000000002,"failureMessages":[],"meta":{}},{"ancestorTitles":["useFilePaste"],"fullName":"useFilePaste ignores paste in textarea element","status":"passed","title":"ignores paste in textarea element","duration":19.73137500000007,"failureMessages":[],"meta":{}},{"ancestorTitles":["useFilePaste"],"fullName":"useFilePaste ignores paste in contenteditable element","status":"passed","title":"ignores paste in contenteditable element","duration":16.77862499999992,"failureMessages":[],"meta":{}},{"ancestorTitles":["useFilePaste"],"fullName":"useFilePaste does not call callback when no files in clipboard","status":"passed","title":"does not call callback when no files in clipboard","duration":10.486083000000008,"failureMessages":[],"meta":{}},{"ancestorTitles":["useFilePaste"],"fullName":"useFilePaste extracts only files from mixed clipboard","status":"passed","title":"extracts only files from mixed clipboard","duration":14.511875000000146,"failureMessages":[],"meta":{}},{"ancestorTitles":["useFilePaste"],"fullName":"useFilePaste respects enabled=false flag","status":"passed","title":"respects enabled=false flag","duration":2.143583000000035,"failureMessages":[],"meta":{}},{"ancestorTitles":["useFilePaste"],"fullName":"useFilePaste cleans up listener on unmount","status":"passed","title":"cleans up listener on unmount","duration":0.9826669999999922,"failureMessages":[],"meta":{}}],"startTime":1772025799847,"endTime":1772025799955.9827,"status":"passed","message":"","name":"/Users/sethlim/Documents/sunder-next-migration-20260225/src/hooks/use-file-paste.test.ts"},{"assertionResults":[{"ancestorTitles":["useLocalStorage"],"fullName":"useLocalStorage returns initial value when localStorage is empty","status":"passed","title":"returns initial value when localStorage is empty","duration":88.97433299999989,"failureMessages":[],"meta":{}},{"ancestorTitles":["useLocalStorage"],"fullName":"useLocalStorage returns stored value when localStorage has data","status":"passed","title":"returns stored value when localStorage has data","duration":2.880040999999892,"failureMessages":[],"meta":{}},{"ancestorTitles":["useLocalStorage"],"fullName":"useLocalStorage updates localStorage when setValue called","status":"passed","title":"updates localStorage when setValue called","duration":14.955041999999821,"failureMessages":[],"meta":{}},{"ancestorTitles":["useLocalStorage"],"fullName":"useLocalStorage handles invalid JSON in localStorage gracefully","status":"passed","title":"handles invalid JSON in localStorage gracefully","duration":47.16541700000016,"failureMessages":[],"meta":{}}],"startTime":1772025801802,"endTime":1772025801956.1655,"status":"passed","message":"","name":"/Users/sethlim/Documents/sunder-next-migration-20260225/src/hooks/use-local-storage.test.ts"},{"assertionResults":[{"ancestorTitles":["useUpdateSplit"],"fullName":"useUpdateSplit updates extracted_data without touching validation_failures","status":"passed","title":"updates extracted_data without touching validation_failures","duration":94.52820900000006,"failureMessages":[],"meta":{}},{"ancestorTitles":["useDismissRule"],"fullName":"useDismissRule exports useDismissRule hook","status":"passed","title":"exports useDismissRule hook","duration":0.32091700000000856,"failureMessages":[],"meta":{}},{"ancestorTitles":["useDismissRule"],"fullName":"useDismissRule appends ruleId to dismissed_rule_ids array","status":"passed","title":"appends ruleId to dismissed_rule_ids array","duration":56.547416999999996,"failureMessages":[],"meta":{}},{"ancestorTitles":["useDismissRule"],"fullName":"useDismissRule does not add duplicate ruleId","status":"failed","title":"does not add duplicate ruleId","duration":102.31433300000003,"failureMessages":["AssertionError: expected \"vi.fn()\" to be called 1 times, but got 2 times\n    at /Users/sethlim/Documents/sunder-next-migration-20260225/src/hooks/use-splits.test.tsx:219:31\n    at file:///Users/sethlim/Documents/sunder-next-migration-20260225/node_modules/@vitest/runner/dist/index.js:915:20"],"meta":{}}],"startTime":1772025789007,"endTime":1772025789261.3145,"status":"failed","message":"","name":"/Users/sethlim/Documents/sunder-next-migration-20260225/src/hooks/use-splits.test.tsx"},{"assertionResults":[{"ancestorTitles":["useUploadProcessor"],"fullName":"useUploadProcessor auto-processes pending items when queue changes","status":"passed","title":"auto-processes pending items when queue changes","duration":80.44700000000012,"failureMessages":[],"meta":{}},{"ancestorTitles":["useUploadProcessor"],"fullName":"useUploadProcessor marks item as failed on validation error","status":"failed","title":"marks item as failed on validation error","duration":1015.12075,"failureMessages":["AssertionError: expected 'Unsupported file type. Supported: PDF…' to contain 'Invalid file type'\n\nIgnored nodes: comments, script, style\n\u001b[36m<html>\u001b[39m\n  \u001b[36m<head />\u001b[39m\n  \u001b[36m<body>\u001b[39m\n    \u001b[36m<div />\u001b[39m\n  \u001b[36m</body>\u001b[39m\n\u001b[36m</html>\u001b[39m\n    at /Users/sethlim/Documents/sunder-next-migration-20260225/src/hooks/use-upload-processor.test.tsx:136:45\n    at runWithExpensiveErrorDiagnosticsDisabled (/Users/sethlim/Documents/sunder-next-migration-20260225/node_modules/@testing-library/dom/dist/config.js:47:12)\n    at checkCallback (/Users/sethlim/Documents/sunder-next-migration-20260225/node_modules/@testing-library/dom/dist/wait-for.js:124:77)\n    at Timeout.checkRealTimersCallback (/Users/sethlim/Documents/sunder-next-migration-20260225/node_modules/@testing-library/dom/dist/wait-for.js:118:16)\n    at listOnTimeout (node:internal/timers:608:17)\n    at processTimers (node:internal/timers:543:7)"],"meta":{}},{"ancestorTitles":["useUploadProcessor"],"fullName":"useUploadProcessor does not double-process items","status":"passed","title":"does not double-process items","duration":59.96541699999989,"failureMessages":[],"meta":{}},{"ancestorTitles":["useUploadProcessor"],"fullName":"useUploadProcessor processes each file exactly once even under rapid queue updates","status":"passed","title":"processes each file exactly once even under rapid queue updates","duration":59.309499999999844,"failureMessages":[],"meta":{}},{"ancestorTitles":["triggerGeminiProcessing"],"fullName":"triggerGeminiProcessing calls /api/gemini/process with document ID","status":"passed","title":"calls /api/gemini/process with document ID","duration":1.2459579999999733,"failureMessages":[],"meta":{}},{"ancestorTitles":["triggerGeminiProcessing"],"fullName":"triggerGeminiProcessing does not throw on failure (fire-and-forget)","status":"passed","title":"does not throw on failure (fire-and-forget)","duration":3.399832999999944,"failureMessages":[],"meta":{}}],"startTime":1772025787345,"endTime":1772025788564.4,"status":"failed","message":"","name":"/Users/sethlim/Documents/sunder-next-migration-20260225/src/hooks/use-upload-processor.test.tsx"},{"assertionResults":[{"ancestorTitles":["getAuthRedirect","unauthenticated user"],"fullName":"getAuthRedirect unauthenticated user allows access to landing page","status":"passed","title":"allows access to landing page","duration":1.1816250000001673,"failureMessages":[],"meta":{}},{"ancestorTitles":["getAuthRedirect","unauthenticated user"],"fullName":"getAuthRedirect unauthenticated user allows access to login page","status":"passed","title":"allows access to login page","duration":0.1522500000000946,"failureMessages":[],"meta":{}},{"ancestorTitles":["getAuthRedirect","unauthenticated user"],"fullName":"getAuthRedirect unauthenticated user allows access to register page","status":"passed","title":"allows access to register page","duration":0.09579099999996288,"failureMessages":[],"meta":{}},{"ancestorTitles":["getAuthRedirect","unauthenticated user"],"fullName":"getAuthRedirect unauthenticated user allows access to forgot-password page","status":"passed","title":"allows access to forgot-password page","duration":0.4717920000000504,"failureMessages":[],"meta":{}},{"ancestorTitles":["getAuthRedirect","unauthenticated user"],"fullName":"getAuthRedirect unauthenticated user allows access to update-password page","status":"passed","title":"allows access to update-password page","duration":0.25958399999990434,"failureMessages":[],"meta":{}},{"ancestorTitles":["getAuthRedirect","unauthenticated user"],"fullName":"getAuthRedirect unauthenticated user allows access to auth/confirm page","status":"passed","title":"allows access to auth/confirm page","duration":0.10733400000003712,"failureMessages":[],"meta":{}},{"ancestorTitles":["getAuthRedirect","unauthenticated user"],"fullName":"getAuthRedirect unauthenticated user redirects to login from protected route /cases","status":"passed","title":"redirects to login from protected route /cases","duration":0.18241699999998673,"failureMessages":[],"meta":{}},{"ancestorTitles":["getAuthRedirect","unauthenticated user"],"fullName":"getAuthRedirect unauthenticated user redirects to login from protected route /cases/123","status":"passed","title":"redirects to login from protected route /cases/123","duration":0.08720799999991868,"failureMessages":[],"meta":{}},{"ancestorTitles":["getAuthRedirect","unauthenticated user"],"fullName":"getAuthRedirect unauthenticated user redirects to login from any protected route","status":"passed","title":"redirects to login from any protected route","duration":0.44558299999994233,"failureMessages":[],"meta":{}},{"ancestorTitles":["getAuthRedirect","authenticated user"],"fullName":"getAuthRedirect authenticated user allows access to landing page","status":"passed","title":"allows access to landing page","duration":0.1977079999999205,"failureMessages":[],"meta":{}},{"ancestorTitles":["getAuthRedirect","authenticated user"],"fullName":"getAuthRedirect authenticated user redirects from login to /cases","status":"failed","title":"redirects from login to /cases","duration":53.325624999999945,"failureMessages":["AssertionError: expected '/chat' to be '/cases' // Object.is equality\n    at /Users/sethlim/Documents/sunder-next-migration-20260225/src/lib/auth.test.ts:82:24\n    at file:///Users/sethlim/Documents/sunder-next-migration-20260225/node_modules/@vitest/runner/dist/index.js:145:11\n    at file:///Users/sethlim/Documents/sunder-next-migration-20260225/node_modules/@vitest/runner/dist/index.js:915:26\n    at file:///Users/sethlim/Documents/sunder-next-migration-20260225/node_modules/@vitest/runner/dist/index.js:1243:20\n    at new Promise (<anonymous>)\n    at runWithTimeout (file:///Users/sethlim/Documents/sunder-next-migration-20260225/node_modules/@vitest/runner/dist/index.js:1209:10)\n    at file:///Users/sethlim/Documents/sunder-next-migration-20260225/node_modules/@vitest/runner/dist/index.js:1653:37\n    at Traces.$ (file:///Users/sethlim/Documents/sunder-next-migration-20260225/node_modules/vitest/dist/chunks/traces.CCmnQaNT.js:142:27)\n    at trace (file:///Users/sethlim/Documents/sunder-next-migration-20260225/node_modules/vitest/dist/chunks/test.B8ej_ZHS.js:239:21)\n    at runTest (file:///Users/sethlim/Documents/sunder-next-migration-20260225/node_modules/@vitest/runner/dist/index.js:1653:12)"],"meta":{}},{"ancestorTitles":["getAuthRedirect","authenticated user"],"fullName":"getAuthRedirect authenticated user redirects from register to /cases","status":"failed","title":"redirects from register to /cases","duration":2.5657920000001013,"failureMessages":["AssertionError: expected '/chat' to be '/cases' // Object.is equality\n    at /Users/sethlim/Documents/sunder-next-migration-20260225/src/lib/auth.test.ts:87:24\n    at file:///Users/sethlim/Documents/sunder-next-migration-20260225/node_modules/@vitest/runner/dist/index.js:145:11\n    at file:///Users/sethlim/Documents/sunder-next-migration-20260225/node_modules/@vitest/runner/dist/index.js:915:26\n    at file:///Users/sethlim/Documents/sunder-next-migration-20260225/node_modules/@vitest/runner/dist/index.js:1243:20\n    at new Promise (<anonymous>)\n    at runWithTimeout (file:///Users/sethlim/Documents/sunder-next-migration-20260225/node_modules/@vitest/runner/dist/index.js:1209:10)\n    at file:///Users/sethlim/Documents/sunder-next-migration-20260225/node_modules/@vitest/runner/dist/index.js:1653:37\n    at Traces.$ (file:///Users/sethlim/Documents/sunder-next-migration-20260225/node_modules/vitest/dist/chunks/traces.CCmnQaNT.js:142:27)\n    at trace (file:///Users/sethlim/Documents/sunder-next-migration-20260225/node_modules/vitest/dist/chunks/test.B8ej_ZHS.js:239:21)\n    at runTest (file:///Users/sethlim/Documents/sunder-next-migration-20260225/node_modules/@vitest/runner/dist/index.js:1653:12)"],"meta":{}},{"ancestorTitles":["getAuthRedirect","authenticated user"],"fullName":"getAuthRedirect authenticated user allows access to /cases","status":"passed","title":"allows access to /cases","duration":0.23395800000002964,"failureMessages":[],"meta":{}},{"ancestorTitles":["getAuthRedirect","authenticated user"],"fullName":"getAuthRedirect authenticated user allows access to /cases/123","status":"passed","title":"allows access to /cases/123","duration":0.08199999999987995,"failureMessages":[],"meta":{}},{"ancestorTitles":["getAuthRedirect","authenticated user"],"fullName":"getAuthRedirect authenticated user allows access to forgot-password (for password change)","status":"passed","title":"allows access to forgot-password (for password change)","duration":0.0365830000000642,"failureMessages":[],"meta":{}},{"ancestorTitles":["getAuthRedirect","authenticated user"],"fullName":"getAuthRedirect authenticated user allows access to update-password","status":"passed","title":"allows access to update-password","duration":0.028375000000096406,"failureMessages":[],"meta":{}}],"startTime":1772025790023,"endTime":1772025790084.0283,"status":"failed","message":"","name":"/Users/sethlim/Documents/sunder-next-migration-20260225/src/lib/auth.test.ts"},{"assertionResults":[{"ancestorTitles":["extractFilesFromClipboard"],"fullName":"extractFilesFromClipboard extracts files from DataTransferItemList","status":"passed","title":"extracts files from DataTransferItemList","duration":2.9164170000001377,"failureMessages":[],"meta":{}},{"ancestorTitles":["extractFilesFromClipboard"],"fullName":"extractFilesFromClipboard filters out non-file items (text, html)","status":"passed","title":"filters out non-file items (text, html)","duration":0.7861249999998563,"failureMessages":[],"meta":{}},{"ancestorTitles":["extractFilesFromClipboard"],"fullName":"extractFilesFromClipboard returns empty array when no files","status":"passed","title":"returns empty array when no files","duration":0.6770839999999225,"failureMessages":[],"meta":{}},{"ancestorTitles":["extractFilesFromClipboard"],"fullName":"extractFilesFromClipboard returns empty array when clipboardData is null","status":"passed","title":"returns empty array when clipboardData is null","duration":0.34729200000015226,"failureMessages":[],"meta":{}},{"ancestorTitles":["extractFilesFromClipboard"],"fullName":"extractFilesFromClipboard handles screenshot pastes (image blob)","status":"passed","title":"handles screenshot pastes (image blob)","duration":0.26045799999997143,"failureMessages":[],"meta":{}},{"ancestorTitles":["extractFilesFromClipboard"],"fullName":"extractFilesFromClipboard extracts multiple files from clipboard","status":"passed","title":"extracts multiple files from clipboard","duration":0.27074999999990723,"failureMessages":[],"meta":{}}],"startTime":1772025803194,"endTime":1772025803199.2708,"status":"passed","message":"","name":"/Users/sethlim/Documents/sunder-next-migration-20260225/src/lib/clipboard-utils.test.ts"},{"assertionResults":[{"ancestorTitles":["calculateTotalSize"],"fullName":"calculateTotalSize returns 0 for empty array","status":"passed","title":"returns 0 for empty array","duration":0.9872920000000249,"failureMessages":[],"meta":{}},{"ancestorTitles":["calculateTotalSize"],"fullName":"calculateTotalSize sums file sizes correctly","status":"passed","title":"sums file sizes correctly","duration":0.4458749999998872,"failureMessages":[],"meta":{}},{"ancestorTitles":["formatFileSize"],"fullName":"formatFileSize formats bytes","status":"passed","title":"formats bytes","duration":0.1318340000000262,"failureMessages":[],"meta":{}},{"ancestorTitles":["formatFileSize"],"fullName":"formatFileSize formats kilobytes","status":"passed","title":"formats kilobytes","duration":0.25649999999996,"failureMessages":[],"meta":{}},{"ancestorTitles":["formatFileSize"],"fullName":"formatFileSize formats megabytes","status":"passed","title":"formats megabytes","duration":0.28704099999981736,"failureMessages":[],"meta":{}},{"ancestorTitles":["formatFileSize"],"fullName":"formatFileSize formats gigabytes","status":"passed","title":"formats gigabytes","duration":0.1327080000000933,"failureMessages":[],"meta":{}},{"ancestorTitles":["getDownloadSizeStatus"],"fullName":"getDownloadSizeStatus returns ok for small downloads","status":"passed","title":"returns ok for small downloads","duration":0.3623330000000351,"failureMessages":[],"meta":{}},{"ancestorTitles":["getDownloadSizeStatus"],"fullName":"getDownloadSizeStatus returns warn for medium downloads","status":"passed","title":"returns warn for medium downloads","duration":0.19924999999989268,"failureMessages":[],"meta":{}},{"ancestorTitles":["getDownloadSizeStatus"],"fullName":"getDownloadSizeStatus returns block for large downloads","status":"passed","title":"returns block for large downloads","duration":0.5099169999998594,"failureMessages":[],"meta":{}},{"ancestorTitles":["downloadDocumentsAsZip"],"fullName":"downloadDocumentsAsZip fetches all document URLs and creates zip","status":"passed","title":"fetches all document URLs and creates zip","duration":7.086541999999781,"failureMessages":[],"meta":{}},{"ancestorTitles":["downloadDocumentsAsZip"],"fullName":"downloadDocumentsAsZip uses case name for zip filename","status":"passed","title":"uses case name for zip filename","duration":3.4490420000001905,"failureMessages":[],"meta":{}}],"startTime":1772025802143,"endTime":1772025802157.449,"status":"passed","message":"","name":"/Users/sethlim/Documents/sunder-next-migration-20260225/src/lib/download-utils.test.ts"},{"assertionResults":[{"ancestorTitles":["runExtraction with raw fetch"],"fullName":"runExtraction with raw fetch calls fetch with correct URL and headers","status":"passed","title":"calls fetch with correct URL and headers","duration":12.732917000000043,"failureMessages":[],"meta":{}},{"ancestorTitles":["runExtraction with raw fetch"],"fullName":"runExtraction with raw fetch sends correct payload with config and 1-indexed pageRanges (no conversion)","status":"passed","title":"sends correct payload with config and 1-indexed pageRanges (no conversion)","duration":1.48633400000017,"failureMessages":[],"meta":{}},{"ancestorTitles":["runExtraction with raw fetch"],"fullName":"runExtraction with raw fetch maps successful response to ExtendExtractionResult","status":"passed","title":"maps successful response to ExtendExtractionResult","duration":0.7445419999999103,"failureMessages":[],"meta":{}},{"ancestorTitles":["runExtraction error handling"],"fullName":"runExtraction error handling throws descriptive error for 400 Bad Request","status":"passed","title":"throws descriptive error for 400 Bad Request","duration":2.9022079999999733,"failureMessages":[],"meta":{}},{"ancestorTitles":["runExtraction error handling"],"fullName":"runExtraction error handling throws descriptive error for 401 Unauthorized","status":"passed","title":"throws descriptive error for 401 Unauthorized","duration":0.7719999999999345,"failureMessages":[],"meta":{}},{"ancestorTitles":["runExtraction error handling"],"fullName":"runExtraction error handling throws descriptive error for 429 Too Many Requests","status":"passed","title":"throws descriptive error for 429 Too Many Requests","duration":1.1228750000000218,"failureMessages":[],"meta":{}},{"ancestorTitles":["runExtraction error handling"],"fullName":"runExtraction error handling throws generic error for other status codes","status":"passed","title":"throws generic error for other status codes","duration":1.4984580000000278,"failureMessages":[],"meta":{}},{"ancestorTitles":["runExtraction metadata enrichment"],"fullName":"runExtraction metadata enrichment includes dashboardUrl from run.url in result","status":"passed","title":"includes dashboardUrl from run.url in result","duration":0.48337500000002365,"failureMessages":[],"meta":{}},{"ancestorTitles":["runExtraction metadata enrichment"],"fullName":"runExtraction metadata enrichment includes field descriptions from config.schema.properties","status":"passed","title":"includes field descriptions from config.schema.properties","duration":0.8469159999999647,"failureMessages":[],"meta":{}},{"ancestorTitles":["runExtraction metadata enrichment"],"fullName":"runExtraction metadata enrichment handles missing descriptions gracefully","status":"passed","title":"handles missing descriptions gracefully","duration":11.698750000000018,"failureMessages":[],"meta":{}},{"ancestorTitles":["runExtraction retry logic"],"fullName":"runExtraction retry logic retries up to 3 times on transient failures","status":"passed","title":"retries up to 3 times on transient failures","duration":24.52841699999999,"failureMessages":[],"meta":{}},{"ancestorTitles":["runExtraction retry logic"],"fullName":"runExtraction retry logic throws after 3 failed attempts","status":"passed","title":"throws after 3 failed attempts","duration":0.7858750000000327,"failureMessages":[],"meta":{}},{"ancestorTitles":["runExtraction retry logic"],"fullName":"runExtraction retry logic does not retry non-retryable errors (400)","status":"passed","title":"does not retry non-retryable errors (400)","duration":0.3215419999999085,"failureMessages":[],"meta":{}},{"ancestorTitles":["runExtraction retry logic"],"fullName":"runExtraction retry logic uses exponential backoff (1s, 2s, 4s)","status":"passed","title":"uses exponential backoff (1s, 2s, 4s)","duration":1.1087079999999787,"failureMessages":[],"meta":{}}],"startTime":1772025800888,"endTime":1772025800958.1086,"status":"passed","message":"","name":"/Users/sethlim/Documents/sunder-next-migration-20260225/src/lib/extend-ai.test.ts"},{"assertionResults":[{"ancestorTitles":["fieldMatchesFilters"],"fullName":"fieldMatchesFilters should return true when no filters active","status":"passed","title":"should return true when no filters active","duration":1.1722919999999704,"failureMessages":[],"meta":{}},{"ancestorTitles":["fieldMatchesFilters"],"fullName":"fieldMatchesFilters should match low confidence fields when filter active","status":"passed","title":"should match low confidence fields when filter active","duration":0.44270799999992505,"failureMessages":[],"meta":{}},{"ancestorTitles":["fieldMatchesFilters"],"fullName":"fieldMatchesFilters should match fields with validation failures when filter active","status":"passed","title":"should match fields with validation failures when filter active","duration":0.2997920000000249,"failureMessages":[],"meta":{}},{"ancestorTitles":["fieldMatchesFilters"],"fullName":"fieldMatchesFilters should match non-null fields when filter active","status":"passed","title":"should match non-null fields when filter active","duration":0.9178329999999733,"failureMessages":[],"meta":{}},{"ancestorTitles":["fieldMatchesFilters"],"fullName":"fieldMatchesFilters should treat empty arrays as null for nonNull filter","status":"passed","title":"should treat empty arrays as null for nonNull filter","duration":0.6387920000000804,"failureMessages":[],"meta":{}},{"ancestorTitles":["fieldMatchesFilters"],"fullName":"fieldMatchesFilters should treat null currency objects as null for nonNull filter","status":"passed","title":"should treat null currency objects as null for nonNull filter","duration":0.35712499999999636,"failureMessages":[],"meta":{}},{"ancestorTitles":["fieldMatchesFilters"],"fullName":"fieldMatchesFilters should scan array row-level metadata for low confidence","status":"passed","title":"should scan array row-level metadata for low confidence","duration":0.41866700000002766,"failureMessages":[],"meta":{}},{"ancestorTitles":["fieldMatchesFilters"],"fullName":"fieldMatchesFilters should use OR logic when multiple filters active","status":"passed","title":"should use OR logic when multiple filters active","duration":0.25374999999996817,"failureMessages":[],"meta":{}},{"ancestorTitles":["computeFieldCounts"],"fullName":"computeFieldCounts should count fields in single pass","status":"passed","title":"should count fields in single pass","duration":0.7070840000000089,"failureMessages":[],"meta":{}},{"ancestorTitles":["computeFieldCounts"],"fullName":"computeFieldCounts should treat empty arrays as null for nonNull count","status":"passed","title":"should treat empty arrays as null for nonNull count","duration":0.3875829999999496,"failureMessages":[],"meta":{}},{"ancestorTitles":["computeFieldCounts"],"fullName":"computeFieldCounts should scan array row-level metadata for low confidence count","status":"passed","title":"should scan array row-level metadata for low confidence count","duration":0.24416699999994762,"failureMessages":[],"meta":{}}],"startTime":1772025804026,"endTime":1772025804033.2441,"status":"passed","message":"","name":"/Users/sethlim/Documents/sunder-next-migration-20260225/src/lib/field-filter-utils.test.ts"},{"assertionResults":[{"ancestorTitles":["unwrapFieldValue","currency values"],"fullName":"unwrapFieldValue currency values formats currency object as 'CODE amount'","status":"passed","title":"formats currency object as 'CODE amount'","duration":1.0017499999999018,"failureMessages":[],"meta":{}},{"ancestorTitles":["unwrapFieldValue","currency values"],"fullName":"unwrapFieldValue currency values handles zero amount","status":"passed","title":"handles zero amount","duration":0.21508300000004965,"failureMessages":[],"meta":{}},{"ancestorTitles":["unwrapFieldValue","currency values"],"fullName":"unwrapFieldValue currency values handles negative amount","status":"passed","title":"handles negative amount","duration":0.10962500000005093,"failureMessages":[],"meta":{}},{"ancestorTitles":["unwrapFieldValue","not found values"],"fullName":"unwrapFieldValue not found values returns isNotFound for null","status":"passed","title":"returns isNotFound for null","duration":0.6422919999999976,"failureMessages":[],"meta":{}},{"ancestorTitles":["unwrapFieldValue","not found values"],"fullName":"unwrapFieldValue not found values returns isNotFound for undefined","status":"passed","title":"returns isNotFound for undefined","duration":0.11891700000001038,"failureMessages":[],"meta":{}},{"ancestorTitles":["unwrapFieldValue","not found values"],"fullName":"unwrapFieldValue not found values returns isNotFound for empty string","status":"passed","title":"returns isNotFound for empty string","duration":0.1872080000000551,"failureMessages":[],"meta":{}},{"ancestorTitles":["unwrapFieldValue","primitive values"],"fullName":"unwrapFieldValue primitive values formats string value","status":"passed","title":"formats string value","duration":0.3187500000001364,"failureMessages":[],"meta":{}},{"ancestorTitles":["unwrapFieldValue","primitive values"],"fullName":"unwrapFieldValue primitive values formats number value","status":"passed","title":"formats number value","duration":0.13124999999990905,"failureMessages":[],"meta":{}},{"ancestorTitles":["unwrapFieldValue","primitive values"],"fullName":"unwrapFieldValue primitive values formats boolean true","status":"passed","title":"formats boolean true","duration":0.5010829999998805,"failureMessages":[],"meta":{}},{"ancestorTitles":["unwrapFieldValue","primitive values"],"fullName":"unwrapFieldValue primitive values formats boolean false","status":"passed","title":"formats boolean false","duration":0.14908300000001873,"failureMessages":[],"meta":{}},{"ancestorTitles":["unwrapFieldValue","unknown objects"],"fullName":"unwrapFieldValue unknown objects JSON stringifies unknown objects","status":"passed","title":"JSON stringifies unknown objects","duration":0.18583399999988615,"failureMessages":[],"meta":{}},{"ancestorTitles":["isCurrencyObject"],"fullName":"isCurrencyObject returns true for valid currency object","status":"passed","title":"returns true for valid currency object","duration":0.28416600000014114,"failureMessages":[],"meta":{}},{"ancestorTitles":["isCurrencyObject"],"fullName":"isCurrencyObject returns false for object missing amount","status":"passed","title":"returns false for object missing amount","duration":0.12316699999996672,"failureMessages":[],"meta":{}},{"ancestorTitles":["isCurrencyObject"],"fullName":"isCurrencyObject returns false for object missing currency code","status":"passed","title":"returns false for object missing currency code","duration":0.10337499999991451,"failureMessages":[],"meta":{}},{"ancestorTitles":["isCurrencyObject"],"fullName":"isCurrencyObject returns false for null","status":"passed","title":"returns false for null","duration":0.5908750000000964,"failureMessages":[],"meta":{}},{"ancestorTitles":["isCurrencyObject"],"fullName":"isCurrencyObject returns false for primitives","status":"passed","title":"returns false for primitives","duration":0.3326250000000073,"failureMessages":[],"meta":{}},{"ancestorTitles":["getArrayItemType"],"fullName":"getArrayItemType returns 'primitive' for array of strings","status":"passed","title":"returns 'primitive' for array of strings","duration":0.14387499999998,"failureMessages":[],"meta":{}},{"ancestorTitles":["getArrayItemType"],"fullName":"getArrayItemType returns 'primitive' for array of numbers","status":"passed","title":"returns 'primitive' for array of numbers","duration":0.04816700000014862,"failureMessages":[],"meta":{}},{"ancestorTitles":["getArrayItemType"],"fullName":"getArrayItemType returns 'primitive' for array of booleans","status":"passed","title":"returns 'primitive' for array of booleans","duration":0.03445799999985866,"failureMessages":[],"meta":{}},{"ancestorTitles":["getArrayItemType"],"fullName":"getArrayItemType returns 'object' for array of objects","status":"passed","title":"returns 'object' for array of objects","duration":0.03999999999996362,"failureMessages":[],"meta":{}},{"ancestorTitles":["getArrayItemType"],"fullName":"getArrayItemType returns 'empty' for empty array","status":"passed","title":"returns 'empty' for empty array","duration":0.03133299999990413,"failureMessages":[],"meta":{}},{"ancestorTitles":["getArrayItemType"],"fullName":"getArrayItemType returns 'primitive' for array containing nested arrays","status":"passed","title":"returns 'primitive' for array containing nested arrays","duration":0.029958999999962543,"failureMessages":[],"meta":{}},{"ancestorTitles":["getArrayItemType"],"fullName":"getArrayItemType returns 'primitive' for array with null first item","status":"passed","title":"returns 'primitive' for array with null first item","duration":0.028625000000147338,"failureMessages":[],"meta":{}}],"startTime":1772025803264,"endTime":1772025803271.048,"status":"passed","message":"","name":"/Users/sethlim/Documents/sunder-next-migration-20260225/src/lib/field-utils.test.ts"},{"assertionResults":[{"ancestorTitles":["validateFileType"],"fullName":"validateFileType accepts PDF files","status":"passed","title":"accepts PDF files","duration":0.9707079999998314,"failureMessages":[],"meta":{}},{"ancestorTitles":["validateFileType"],"fullName":"validateFileType accepts JPEG files","status":"passed","title":"accepts JPEG files","duration":0.16145800000003874,"failureMessages":[],"meta":{}},{"ancestorTitles":["validateFileType"],"fullName":"validateFileType accepts PNG files","status":"passed","title":"accepts PNG files","duration":0.07541700000001583,"failureMessages":[],"meta":{}},{"ancestorTitles":["validateFileType"],"fullName":"validateFileType accepts WEBP files","status":"passed","title":"accepts WEBP files","duration":0.24270799999999326,"failureMessages":[],"meta":{}},{"ancestorTitles":["validateFileType"],"fullName":"validateFileType accepts TXT files","status":"passed","title":"accepts TXT files","duration":0.1356670000000122,"failureMessages":[],"meta":{}},{"ancestorTitles":["validateFileType"],"fullName":"validateFileType rejects EXE files","status":"passed","title":"rejects EXE files","duration":0.13229200000000674,"failureMessages":[],"meta":{}},{"ancestorTitles":["validateFileType"],"fullName":"validateFileType rejects files without extension","status":"passed","title":"rejects files without extension","duration":0.11208400000009533,"failureMessages":[],"meta":{}},{"ancestorTitles":["validateFileType"],"fullName":"validateFileType accepts files by extension when MIME type missing","status":"passed","title":"accepts files by extension when MIME type missing","duration":0.10412499999983993,"failureMessages":[],"meta":{}},{"ancestorTitles":["validateFileSize"],"fullName":"validateFileSize accepts files under 50MB","status":"passed","title":"accepts files under 50MB","duration":0.4249170000000504,"failureMessages":[],"meta":{}},{"ancestorTitles":["validateFileSize"],"fullName":"validateFileSize rejects files over 50MB","status":"passed","title":"rejects files over 50MB","duration":0.07820799999990413,"failureMessages":[],"meta":{}},{"ancestorTitles":["validateFileSize"],"fullName":"validateFileSize accepts files exactly 50MB","status":"passed","title":"accepts files exactly 50MB","duration":0.04341699999986304,"failureMessages":[],"meta":{}},{"ancestorTitles":["computeFileHash"],"fullName":"computeFileHash computes SHA-256 hash of file content","status":"passed","title":"computes SHA-256 hash of file content","duration":2.221416999999974,"failureMessages":[],"meta":{}},{"ancestorTitles":["computeFileHash"],"fullName":"computeFileHash returns different hashes for different content","status":"passed","title":"returns different hashes for different content","duration":1.8261669999999413,"failureMessages":[],"meta":{}},{"ancestorTitles":["computeFileHash"],"fullName":"computeFileHash correctly hashes binary files without corruption","status":"passed","title":"correctly hashes binary files without corruption","duration":0.6204580000000988,"failureMessages":[],"meta":{}},{"ancestorTitles":["getFileExtension"],"fullName":"getFileExtension extracts extension from filename","status":"passed","title":"extracts extension from filename","duration":0.1932920000001559,"failureMessages":[],"meta":{}},{"ancestorTitles":["getFileExtension"],"fullName":"getFileExtension returns empty string for no extension","status":"passed","title":"returns empty string for no extension","duration":0.1011670000000322,"failureMessages":[],"meta":{}}],"startTime":1772025800443,"endTime":1772025800450.6204,"status":"passed","message":"","name":"/Users/sethlim/Documents/sunder-next-migration-20260225/src/lib/file-utils.test.ts"},{"assertionResults":[{"ancestorTitles":["uploadToGoogleFiles"],"fullName":"uploadToGoogleFiles uploads file buffer to Google Files API and returns file metadata","status":"passed","title":"uploads file buffer to Google Files API and returns file metadata","duration":29.28749999999991,"failureMessages":[],"meta":{}},{"ancestorTitles":["waitForFileProcessing"],"fullName":"waitForFileProcessing returns immediately when file state is ACTIVE","status":"passed","title":"returns immediately when file state is ACTIVE","duration":0.5433749999999691,"failureMessages":[],"meta":{}},{"ancestorTitles":["waitForFileProcessing"],"fullName":"waitForFileProcessing polls until file state becomes ACTIVE","status":"passed","title":"polls until file state becomes ACTIVE","duration":42.25849999999991,"failureMessages":[],"meta":{}},{"ancestorTitles":["waitForFileProcessing"],"fullName":"waitForFileProcessing throws error when file state is FAILED","status":"passed","title":"throws error when file state is FAILED","duration":1.602041999999983,"failureMessages":[],"meta":{}},{"ancestorTitles":["waitForFileProcessing"],"fullName":"waitForFileProcessing throws error after max attempts exceeded","status":"passed","title":"throws error after max attempts exceeded","duration":24.948209000000134,"failureMessages":[],"meta":{}},{"ancestorTitles":["uploadAndWaitForFile"],"fullName":"uploadAndWaitForFile uploads file and waits for ACTIVE state","status":"passed","title":"uploads file and waits for ACTIVE state","duration":1.091957999999977,"failureMessages":[],"meta":{}},{"ancestorTitles":["uploadAndWaitForFile"],"fullName":"uploadAndWaitForFile returns immediately if upload returns ACTIVE state","status":"passed","title":"returns immediately if upload returns ACTIVE state","duration":0.2579169999999067,"failureMessages":[],"meta":{}},{"ancestorTitles":["downloadFileFromUrl"],"fullName":"downloadFileFromUrl downloads file from URL and returns buffer","status":"passed","title":"downloads file from URL and returns buffer","duration":0.32904099999996106,"failureMessages":[],"meta":{}},{"ancestorTitles":["downloadFileFromUrl"],"fullName":"downloadFileFromUrl throws error when fetch fails","status":"passed","title":"throws error when fetch fails","duration":0.9741669999998521,"failureMessages":[],"meta":{}},{"ancestorTitles":["prepareFileForGemini"],"fullName":"prepareFileForGemini downloads from URL, uploads to Google, and returns ACTIVE file","status":"passed","title":"downloads from URL, uploads to Google, and returns ACTIVE file","duration":9.432874999999967,"failureMessages":[],"meta":{}},{"ancestorTitles":["deleteGoogleFile"],"fullName":"deleteGoogleFile deletes file from Google Files API","status":"passed","title":"deletes file from Google Files API","duration":0.6779589999998734,"failureMessages":[],"meta":{}},{"ancestorTitles":["deleteGoogleFile"],"fullName":"deleteGoogleFile does not throw on delete failure (silent cleanup)","status":"passed","title":"does not throw on delete failure (silent cleanup)","duration":1.880583999999999,"failureMessages":[],"meta":{}}],"startTime":1772025800308,"endTime":1772025800421.8806,"status":"passed","message":"","name":"/Users/sethlim/Documents/sunder-next-migration-20260225/src/lib/gemini-files.test.ts"},{"assertionResults":[{"ancestorTitles":["sleep"],"fullName":"sleep resolves after specified milliseconds","status":"passed","title":"resolves after specified milliseconds","duration":3.5714580000001206,"failureMessages":[],"meta":{}},{"ancestorTitles":["getProcessingErrorMessage"],"fullName":"getProcessingErrorMessage returns validation error message for ZodError","status":"passed","title":"returns validation error message for ZodError","duration":0.6609580000001642,"failureMessages":[],"meta":{}},{"ancestorTitles":["getProcessingErrorMessage"],"fullName":"getProcessingErrorMessage returns JSON error message for SyntaxError","status":"passed","title":"returns JSON error message for SyntaxError","duration":0.21000000000003638,"failureMessages":[],"meta":{}},{"ancestorTitles":["getProcessingErrorMessage"],"fullName":"getProcessingErrorMessage returns timeout message for timeout errors","status":"passed","title":"returns timeout message for timeout errors","duration":0.5327919999999722,"failureMessages":[],"meta":{}},{"ancestorTitles":["getProcessingErrorMessage"],"fullName":"getProcessingErrorMessage returns rate limit message for 429 errors","status":"passed","title":"returns rate limit message for 429 errors","duration":0.10579099999995378,"failureMessages":[],"meta":{}},{"ancestorTitles":["getProcessingErrorMessage"],"fullName":"getProcessingErrorMessage returns generic message for unknown errors","status":"passed","title":"returns generic message for unknown errors","duration":0.057332999999971435,"failureMessages":[],"meta":{}},{"ancestorTitles":["shouldRetry"],"fullName":"shouldRetry returns false for ZodError (validation failure)","status":"passed","title":"returns false for ZodError (validation failure)","duration":0.08262500000000728,"failureMessages":[],"meta":{}},{"ancestorTitles":["shouldRetry"],"fullName":"shouldRetry returns false for unsupported file errors","status":"passed","title":"returns false for unsupported file errors","duration":0.10074999999983447,"failureMessages":[],"meta":{}},{"ancestorTitles":["shouldRetry"],"fullName":"shouldRetry returns true for network errors","status":"passed","title":"returns true for network errors","duration":0.32016700000008314,"failureMessages":[],"meta":{}},{"ancestorTitles":["shouldRetry"],"fullName":"shouldRetry returns true for rate limit errors","status":"passed","title":"returns true for rate limit errors","duration":0.2417920000000322,"failureMessages":[],"meta":{}},{"ancestorTitles":["shouldRetry"],"fullName":"shouldRetry returns true for timeout errors","status":"passed","title":"returns true for timeout errors","duration":0.17287499999997635,"failureMessages":[],"meta":{}},{"ancestorTitles":["calculateBackoff"],"fullName":"calculateBackoff returns 1000ms for attempt 1","status":"passed","title":"returns 1000ms for attempt 1","duration":0.0625,"failureMessages":[],"meta":{}},{"ancestorTitles":["calculateBackoff"],"fullName":"calculateBackoff returns 2000ms for attempt 2","status":"passed","title":"returns 2000ms for attempt 2","duration":0.034500000000207365,"failureMessages":[],"meta":{}},{"ancestorTitles":["calculateBackoff"],"fullName":"calculateBackoff returns 4000ms for attempt 3","status":"passed","title":"returns 4000ms for attempt 3","duration":0.02800000000002001,"failureMessages":[],"meta":{}}],"startTime":1772025802519,"endTime":1772025802526.2417,"status":"passed","message":"","name":"/Users/sethlim/Documents/sunder-next-migration-20260225/src/lib/gemini.test.ts"},{"assertionResults":[{"ancestorTitles":["convertPolygonToHighlightArea"],"fullName":"convertPolygonToHighlightArea converts polygon coordinates to percentage-based highlight area","status":"passed","title":"converts polygon coordinates to percentage-based highlight area","duration":0.7528750000000173,"failureMessages":[],"meta":{}},{"ancestorTitles":["citationsToHighlightAreas"],"fullName":"citationsToHighlightAreas converts multiple citations to highlight areas","status":"passed","title":"converts multiple citations to highlight areas","duration":0.7153749999999945,"failureMessages":[],"meta":{}},{"ancestorTitles":["citationsToHighlightAreas"],"fullName":"citationsToHighlightAreas skips citations without polygon","status":"passed","title":"skips citations without polygon","duration":0.1887090000000171,"failureMessages":[],"meta":{}},{"ancestorTitles":["citationsToHighlightAreas"],"fullName":"citationsToHighlightAreas skips citations without page number","status":"passed","title":"skips citations without page number","duration":0.2507079999999178,"failureMessages":[],"meta":{}},{"ancestorTitles":["citationsToHighlightAreas"],"fullName":"citationsToHighlightAreas returns empty array for empty citations","status":"passed","title":"returns empty array for empty citations","duration":0.08216699999991306,"failureMessages":[],"meta":{}}],"startTime":1772025804635,"endTime":1772025804637.2507,"status":"passed","message":"","name":"/Users/sethlim/Documents/sunder-next-migration-20260225/src/lib/highlight-utils.test.ts"},{"assertionResults":[{"ancestorTitles":["CaseSchema"],"fullName":"CaseSchema validates a complete case object","status":"passed","title":"validates a complete case object","duration":3.0734580000000733,"failureMessages":[],"meta":{}},{"ancestorTitles":["CaseSchema"],"fullName":"CaseSchema allows null description and event_date","status":"passed","title":"allows null description and event_date","duration":0.5566250000001673,"failureMessages":[],"meta":{}},{"ancestorTitles":["CreateCaseSchema"],"fullName":"CreateCaseSchema validates create case input with required fields","status":"passed","title":"validates create case input with required fields","duration":0.3268749999999727,"failureMessages":[],"meta":{}},{"ancestorTitles":["CreateCaseSchema"],"fullName":"CreateCaseSchema rejects empty case_name","status":"passed","title":"rejects empty case_name","duration":0.4623750000000655,"failureMessages":[],"meta":{}},{"ancestorTitles":["CreateCaseSchema"],"fullName":"CreateCaseSchema rejects empty case_ref","status":"passed","title":"rejects empty case_ref","duration":0.11862500000006548,"failureMessages":[],"meta":{}},{"ancestorTitles":["UpdateCaseSchema"],"fullName":"UpdateCaseSchema allows partial updates","status":"passed","title":"allows partial updates","duration":0.3030830000000151,"failureMessages":[],"meta":{}}],"startTime":1772025803002,"endTime":1772025803007.303,"status":"passed","message":"","name":"/Users/sethlim/Documents/sunder-next-migration-20260225/src/types/cases.test.ts"},{"assertionResults":[{"ancestorTitles":["DocumentSchema"],"fullName":"DocumentSchema validates a complete document","status":"passed","title":"validates a complete document","duration":10.33612499999981,"failureMessages":[],"meta":{}},{"ancestorTitles":["DocumentSchema"],"fullName":"DocumentSchema accepts optional metadata fields","status":"passed","title":"accepts optional metadata fields","duration":0.7657079999999041,"failureMessages":[],"meta":{}},{"ancestorTitles":["DocumentSchema"],"fullName":"DocumentSchema rejects missing required fields","status":"passed","title":"rejects missing required fields","duration":0.42108299999995324,"failureMessages":[],"meta":{}},{"ancestorTitles":["CreateDocumentSchema"],"fullName":"CreateDocumentSchema validates document creation input","status":"passed","title":"validates document creation input","duration":5.019250000000056,"failureMessages":[],"meta":{}},{"ancestorTitles":["CreateDocumentSchema"],"fullName":"CreateDocumentSchema rejects empty filename","status":"passed","title":"rejects empty filename","duration":1.0290420000001177,"failureMessages":[],"meta":{}},{"ancestorTitles":["CreateDocumentSchema"],"fullName":"CreateDocumentSchema rejects negative file size","status":"passed","title":"rejects negative file size","duration":0.5181250000000546,"failureMessages":[],"meta":{}},{"ancestorTitles":["DocumentTagEnum v2"],"fullName":"DocumentTagEnum v2 accepts 'other' tag","status":"passed","title":"accepts 'other' tag","duration":0.17695800000001327,"failureMessages":[],"meta":{}},{"ancestorTitles":["DocumentTagEnum v2"],"fullName":"DocumentTagEnum v2 rejects 'miscellaneous' tag (deprecated)","status":"passed","title":"rejects 'miscellaneous' tag (deprecated)","duration":0.46595800000000054,"failureMessages":[],"meta":{}},{"ancestorTitles":["DocumentTagEnum v2"],"fullName":"DocumentTagEnum v2 accepts all valid v2 tags","status":"passed","title":"accepts all valid v2 tags","duration":10.949624999999969,"failureMessages":[],"meta":{}},{"ancestorTitles":["PageRangeSchema v2 (Split format)"],"fullName":"PageRangeSchema v2 (Split format) accepts v2 split with observation field","status":"passed","title":"accepts v2 split with observation field","duration":0.7654999999999745,"failureMessages":[],"meta":{}},{"ancestorTitles":["PageRangeSchema v2 (Split format)"],"fullName":"PageRangeSchema v2 (Split format) coerces string page numbers","status":"passed","title":"coerces string page numbers","duration":0.36354199999982484,"failureMessages":[],"meta":{}},{"ancestorTitles":["PageRangeSchema v2 (Split format)"],"fullName":"PageRangeSchema v2 (Split format) accepts null for optional fields","status":"passed","title":"accepts null for optional fields","duration":0.23562500000002728,"failureMessages":[],"meta":{}},{"ancestorTitles":["PageRangeSchema v2 (Split format)"],"fullName":"PageRangeSchema v2 (Split format) rejects invalid page range (startPage > endPage)","status":"passed","title":"rejects invalid page range (startPage > endPage)","duration":0.6195840000000317,"failureMessages":[],"meta":{}},{"ancestorTitles":["DocumentSchema v2 tags field"],"fullName":"DocumentSchema v2 tags field accepts tags as Record<string, number>","status":"passed","title":"accepts tags as Record<string, number>","duration":1.8584169999999176,"failureMessages":[],"meta":{}},{"ancestorTitles":["DocumentSchema v2 tags field"],"fullName":"DocumentSchema v2 tags field accepts empty tags object","status":"passed","title":"accepts empty tags object","duration":0.19812500000011823,"failureMessages":[],"meta":{}},{"ancestorTitles":["ComputedDocumentStatus"],"fullName":"ComputedDocumentStatus includes all expected status values","status":"passed","title":"includes all expected status values","duration":0.08975000000009459,"failureMessages":[],"meta":{}},{"ancestorTitles":["DocumentWithStatusSchema"],"fullName":"DocumentWithStatusSchema validates document with computed_status field","status":"passed","title":"validates document with computed_status field","duration":1.215167000000065,"failureMessages":[],"meta":{}},{"ancestorTitles":["DocumentWithStatusSchema"],"fullName":"DocumentWithStatusSchema accepts in_review computed status","status":"passed","title":"accepts in_review computed status","duration":0.3128750000000764,"failureMessages":[],"meta":{}},{"ancestorTitles":["DocumentWithStatusSchema"],"fullName":"DocumentWithStatusSchema accepts reviewed status with reviewed_at timestamp","status":"passed","title":"accepts reviewed status with reviewed_at timestamp","duration":0.5477919999998448,"failureMessages":[],"meta":{}},{"ancestorTitles":["DocumentWithStatusSchema"],"fullName":"DocumentWithStatusSchema rejects invalid computed_status value","status":"passed","title":"rejects invalid computed_status value","duration":0.6457920000000286,"failureMessages":[],"meta":{}}],"startTime":1772025801841,"endTime":1772025801880.6458,"status":"passed","message":"","name":"/Users/sethlim/Documents/sunder-next-migration-20260225/src/types/documents.test.ts"},{"assertionResults":[{"ancestorTitles":["InsightSchema"],"fullName":"InsightSchema parses valid reasoning insight","status":"passed","title":"parses valid reasoning insight","duration":0.8903750000001764,"failureMessages":[],"meta":{}},{"ancestorTitles":["InsightSchema"],"fullName":"InsightSchema parses insight with optional fields","status":"passed","title":"parses insight with optional fields","duration":0.17370900000014444,"failureMessages":[],"meta":{}},{"ancestorTitles":["CitationSchema"],"fullName":"CitationSchema validates citation with all fields","status":"passed","title":"validates citation with all fields","duration":0.42166599999995924,"failureMessages":[],"meta":{}},{"ancestorTitles":["FieldMetadataSchema"],"fullName":"FieldMetadataSchema validates metadata with ocrConfidence and citations","status":"passed","title":"validates metadata with ocrConfidence and citations","duration":0.3668750000001637,"failureMessages":[],"meta":{}},{"ancestorTitles":["FieldMetadataSchema"],"fullName":"FieldMetadataSchema validates metadata with null ocrConfidence","status":"passed","title":"validates metadata with null ocrConfidence","d
[...]
ieldFilter"],"fullName":"FieldFilter should render filter button","status":"passed","title":"should render filter button","duration":423.2350000000001,"failureMessages":[],"meta":{}},{"ancestorTitles":["FieldFilter"],"fullName":"FieldFilter should show dropdown with filter options when clicked","status":"passed","title":"should show dropdown with filter options when clicked","duration":156.91487499999994,"failureMessages":[],"meta":{}},{"ancestorTitles":["FieldFilter"],"fullName":"FieldFilter should show visible count in dropdown","status":"passed","title":"should show visible count in dropdown","duration":159.25420899999972,"failureMessages":[],"meta":{}},{"ancestorTitles":["FieldFilter"],"fullName":"FieldFilter should call onChange when low confidence checkbox toggled","status":"passed","title":"should call onChange when low confidence checkbox toggled","duration":129.84016699999984,"failureMessages":[],"meta":{}},{"ancestorTitles":["FieldFilter"],"fullName":"FieldFilter should call onChange when needs review checkbox toggled","status":"passed","title":"should call onChange when needs review checkbox toggled","duration":85.78162500000008,"failureMessages":[],"meta":{}},{"ancestorTitles":["FieldFilter"],"fullName":"FieldFilter should show filter indicator when filters active","status":"passed","title":"should show filter indicator when filters active","duration":3.5979999999999563,"failureMessages":[],"meta":{}},{"ancestorTitles":["FieldFilter"],"fullName":"FieldFilter should show count of active filters","status":"passed","title":"should show count of active filters","duration":4.505249999999705,"failureMessages":[],"meta":{}}],"startTime":1772025792267,"endTime":1772025793230.5054,"status":"passed","message":"","name":"/Users/sethlim/Documents/sunder-next-migration-20260225/src/components/documents/extraction-review/field-filter.test.tsx"},{"assertionResults":[{"ancestorTitles":["PrimitiveArrayEditor - string array rendering"],"fullName":"PrimitiveArrayEditor - string array rendering renders table with Value column header","status":"passed","title":"renders table with Value column header","duration":302.6141670000002,"failureMessages":[],"meta":{}},{"ancestorTitles":["PrimitiveArrayEditor - string array rendering"],"fullName":"PrimitiveArrayEditor - string array rendering renders full string values in rows (not split into characters)","status":"passed","title":"renders full string values in rows (not split into characters)","duration":7.372790999999779,"failureMessages":[],"meta":{}},{"ancestorTitles":["PrimitiveArrayEditor - string array rendering"],"fullName":"PrimitiveArrayEditor - string array rendering renders row numbers starting at 1","status":"passed","title":"renders row numbers starting at 1","duration":11.237874999999804,"failureMessages":[],"meta":{}},{"ancestorTitles":["PrimitiveArrayEditor - string array rendering"],"fullName":"PrimitiveArrayEditor - string array rendering displays row count in footer","status":"passed","title":"displays row count in footer","duration":21.524249999999938,"failureMessages":[],"meta":{}},{"ancestorTitles":["PrimitiveArrayEditor - null/empty state"],"fullName":"PrimitiveArrayEditor - null/empty state renders null state when value is null","status":"passed","title":"renders null state when value is null","duration":8.261917000000267,"failureMessages":[],"meta":{}},{"ancestorTitles":["PrimitiveArrayEditor - null/empty state"],"fullName":"PrimitiveArrayEditor - null/empty state renders null state when value is empty array","status":"passed","title":"renders null state when value is empty array","duration":4.928665999999794,"failureMessages":[],"meta":{}},{"ancestorTitles":["PrimitiveArrayEditor - number array rendering"],"fullName":"PrimitiveArrayEditor - number array rendering renders numbers as string values","status":"passed","title":"renders numbers as string values","duration":11.422791000000416,"failureMessages":[],"meta":{}},{"ancestorTitles":["PrimitiveArrayEditor - boolean array rendering"],"fullName":"PrimitiveArrayEditor - boolean array rendering renders booleans as Yes/No","status":"passed","title":"renders booleans as Yes/No","duration":9.570250000000215,"failureMessages":[],"meta":{}},{"ancestorTitles":["PrimitiveArrayEditor - row hover and metadata"],"fullName":"PrimitiveArrayEditor - row hover and metadata calls onRowHover with citations on row mouseenter","status":"passed","title":"calls onRowHover with citations on row mouseenter","duration":39.05020800000011,"failureMessages":[],"meta":{}},{"ancestorTitles":["PrimitiveArrayEditor - row hover and metadata"],"fullName":"PrimitiveArrayEditor - row hover and metadata calls onRowHover with empty array on row mouseleave","status":"passed","title":"calls onRowHover with empty array on row mouseleave","duration":6.1765409999998155,"failureMessages":[],"meta":{}},{"ancestorTitles":["PrimitiveArrayEditor - row hover and metadata"],"fullName":"PrimitiveArrayEditor - row hover and metadata does NOT show per-row confidence badges (moved to aggregate in footer)","status":"passed","title":"does NOT show per-row confidence badges (moved to aggregate in footer)","duration":10.360583000000133,"failureMessages":[],"meta":{}},{"ancestorTitles":["PrimitiveArrayEditor - row hover and metadata"],"fullName":"PrimitiveArrayEditor - row hover and metadata shows aggregate low confidence count in footer","status":"passed","title":"shows aggregate low confidence count in footer","duration":7.37566599999991,"failureMessages":[],"meta":{}},{"ancestorTitles":["PrimitiveArrayEditor - row hover and metadata"],"fullName":"PrimitiveArrayEditor - row hover and metadata does not show low conf badge when all rows are high confidence","status":"passed","title":"does not show low conf badge when all rows are high confidence","duration":2.6230829999999514,"failureMessages":[],"meta":{}},{"ancestorTitles":["PrimitiveArrayEditor - filter toggle"],"fullName":"PrimitiveArrayEditor - filter toggle filters to low confidence rows when badge is clicked","status":"passed","title":"filters to low confidence rows when badge is clicked","duration":194.02475000000004,"failureMessages":[],"meta":{}},{"ancestorTitles":["PrimitiveArrayEditor - filter toggle"],"fullName":"PrimitiveArrayEditor - filter toggle shows all rows when filter is clicked again","status":"passed","title":"shows all rows when filter is clicked again","duration":42.65037499999971,"failureMessages":[],"meta":{}},{"ancestorTitles":["PrimitiveArrayEditor - filter toggle"],"fullName":"PrimitiveArrayEditor - filter toggle preserves original row numbers when filtered","status":"passed","title":"preserves original row numbers when filtered","duration":51.410959000000275,"failureMessages":[],"meta":{}}],"startTime":1772025795039,"endTime":1772025795770.411,"status":"passed","message":"","name":"/Users/sethlim/Documents/sunder-next-migration-20260225/src/components/documents/extraction-review/primitive-array-editor.test.tsx"},{"assertionResults":[{"ancestorTitles":["ReviewActions"],"fullName":"ReviewActions renders 'Mark reviewed' button when not reviewed","status":"passed","title":"renders 'Mark reviewed' button when not reviewed","duration":171.13716599999998,"failureMessages":[],"meta":{}},{"ancestorTitles":["ReviewActions"],"fullName":"ReviewActions renders 'Reviewed' button with check icon when reviewed","status":"passed","title":"renders 'Reviewed' button with check icon when reviewed","duration":20.028791000000183,"failureMessages":[],"meta":{}},{"ancestorTitles":["ReviewActions"],"fullName":"ReviewActions calls onToggleReviewed when clicking 'Mark reviewed'","status":"passed","title":"calls onToggleReviewed when clicking 'Mark reviewed'","duration":36.50329200000033,"failureMessages":[],"meta":{}},{"ancestorTitles":["ReviewActions"],"fullName":"ReviewActions calls onToggleReviewed when clicking reviewed button to unmark","status":"passed","title":"calls onToggleReviewed when clicking reviewed button to unmark","duration":20.784916000000067,"failureMessages":[],"meta":{}},{"ancestorTitles":["ReviewActions"],"fullName":"ReviewActions has different visual style when reviewed vs not reviewed","status":"failed","title":"has different visual style when reviewed vs not reviewed","duration":16.296457999999802,"failureMessages":["Error: expect(element).toHaveClass(\"bg-gray-900\")\n\nExpected the element to have class:\n  bg-gray-900\nReceived:\n  focus-visible:border-ring focus-visible:ring-ring/50 aria-invalid:ring-destructive/20 dark:aria-invalid:ring-destructive/40 aria-invalid:border-destructive dark:aria-invalid:border-destructive/50 border border-transparent bg-clip-padding focus-visible:ring-[3px] aria-invalid:ring-[3px] [&_svg:not([class*='size-'])]:size-4 inline-flex items-center justify-center whitespace-nowrap transition-all disabled:pointer-events-none disabled:opacity-50 [&_svg]:pointer-events-none shrink-0 [&_svg]:shrink-0 outline-none group/button select-none in-data-[slot=button-group]:rounded-md has-data-[icon=inline-end]:pr-2 has-data-[icon=inline-start]:pl-2 h-7 gap-1.5 text-xs font-normal bg-foreground text-background hover:bg-foreground/90 rounded-lg px-3 shadow-sm\n    at Proxy.expectWrapper (file:///Users/sethlim/Documents/sunder-next-migration-20260225/node_modules/@vitest/expect/dist/index.js:1821:12)\n    at Proxy.<anonymous> (file:///Users/sethlim/Documents/sunder-next-migration-20260225/node_modules/@vitest/expect/dist/index.js:1090:14)\n    at Proxy.methodWrapper (file:///Users/sethlim/Documents/sunder-next-migration-20260225/node_modules/chai/index.js:1700:25)\n    at /Users/sethlim/Documents/sunder-next-migration-20260225/src/components/documents/extraction-review/review-actions.test.tsx:59:30\n    at file:///Users/sethlim/Documents/sunder-next-migration-20260225/node_modules/@vitest/runner/dist/index.js:145:11\n    at file:///Users/sethlim/Documents/sunder-next-migration-20260225/node_modules/@vitest/runner/dist/index.js:915:26\n    at file:///Users/sethlim/Documents/sunder-next-migration-20260225/node_modules/@vitest/runner/dist/index.js:1243:20\n    at new Promise (<anonymous>)\n    at runWithTimeout (file:///Users/sethlim/Documents/sunder-next-migration-20260225/node_modules/@vitest/runner/dist/index.js:1209:10)\n    at file:///Users/sethlim/Documents/sunder-next-migration-20260225/node_modules/@vitest/runner/dist/index.js:1653:37"],"meta":{}}],"startTime":1772025787605,"endTime":1772025787870.2964,"status":"failed","message":"","name":"/Users/sethlim/Documents/sunder-next-migration-20260225/src/components/documents/extraction-review/review-actions.test.tsx"},{"assertionResults":[{"ancestorTitles":["Chat API Integration Flow"],"fullName":"Chat API Integration Flow documents the expected first message flow","status":"passed","title":"documents the expected first message flow","duration":1.131666999999993,"failureMessages":[],"meta":{}},{"ancestorTitles":["Chat API Integration Flow"],"fullName":"Chat API Integration Flow documents the expected follow-up message flow","status":"passed","title":"documents the expected follow-up message flow","duration":0.4366249999999354,"failureMessages":[],"meta":{}},{"ancestorTitles":["Chat API Integration Flow"],"fullName":"Chat API Integration Flow documents container expiry handling","status":"passed","title":"documents container expiry handling","duration":0.13633400000003348,"failureMessages":[],"meta":{}},{"ancestorTitles":["Chat API Integration Flow"],"fullName":"Chat API Integration Flow documents stale data detection","status":"passed","title":"documents stale data detection","duration":0.4737079999999878,"failureMessages":[],"meta":{}},{"ancestorTitles":["Chat API Integration Flow"],"fullName":"Chat API Integration Flow documents localStorage persistence","status":"passed","title":"documents localStorage persistence","duration":0.14658299999996416,"failureMessages":[],"meta":{}}],"startTime":1772025804182,"endTime":1772025804185.1465,"status":"passed","message":"","name":"/Users/sethlim/Documents/sunder-next-migration-20260225/src/server/api/__tests__/chat.integration.test.ts"},{"assertionResults":[{"ancestorTitles":["POST /api/chat"],"fullName":"POST /api/chat rejects requests without authorization header","status":"passed","title":"rejects requests without authorization header","duration":211.80779200000006,"failureMessages":[],"meta":{}},{"ancestorTitles":["POST /api/chat"],"fullName":"POST /api/chat rejects non-POST methods","status":"passed","title":"rejects non-POST methods","duration":1.5569590000000062,"failureMessages":[],"meta":{}},{"ancestorTitles":["POST /api/chat"],"fullName":"POST /api/chat rejects invalid request body","status":"failed","title":"rejects invalid request body","duration":11.493416000000025,"failureMessages":["AssertionError: expected \"vi.fn()\" to be called with arguments: [ 400 ]\n\nReceived: \n\n  1st vi.fn() call:\n\n  [\n-   400,\n+   500,\n  ]\n\n\nNumber of calls: 1\n\n    at Proxy.<anonymous> (file:///Users/sethlim/Documents/sunder-next-migration-20260225/node_modules/@vitest/expect/dist/index.js:1420:10)\n    at Proxy.<anonymous> (file:///Users/sethlim/Documents/sunder-next-migration-20260225/node_modules/@vitest/expect/dist/index.js:1090:14)\n    at Proxy.methodWrapper (file:///Users/sethlim/Documents/sunder-next-migration-20260225/node_modules/chai/index.js:1700:25)\n    at /Users/sethlim/Documents/sunder-next-migration-20260225/src/server/api/__tests__/chat.test.ts:134:24\n    at processTicksAndRejections (node:internal/process/task_queues:105:5)\n    at file:///Users/sethlim/Documents/sunder-next-migration-20260225/node_modules/@vitest/runner/dist/index.js:915:20"],"meta":{}},{"ancestorTitles":["First message flow (Anthropic SDK)"],"fullName":"First message flow (Anthropic SDK) uploads JSON via Files API and creates container","status":"failed","title":"uploads JSON via Files API and creates container","duration":2.874791999999843,"failureMessages":["AssertionError: expected \"vi.fn()\" to be called with arguments: [ ObjectContaining{…} ]\n\nReceived: \n\n  1st vi.fn() call:\n\n  [\n-   ObjectContaining {\n-     \"containerId\": \"container_abc\",\n+   {\n+     \"error\": \"Supabase environment is not configured\",\n    },\n  ]\n\n\nNumber of calls: 1\n\n    at Proxy.<anonymous> (file:///Users/sethlim/Documents/sunder-next-migration-20260225/node_modules/@vitest/expect/dist/index.js:1420:10)\n    at Proxy.<anonymous> (file:///Users/sethlim/Documents/sunder-next-migration-20260225/node_modules/@vitest/expect/dist/index.js:1090:14)\n    at Proxy.methodWrapper (file:///Users/sethlim/Documents/sunder-next-migration-20260225/node_modules/chai/index.js:1700:25)\n    at /Users/sethlim/Documents/sunder-next-migration-20260225/src/server/api/__tests__/chat.test.ts:188:22\n    at processTicksAndRejections (node:internal/process/task_queues:105:5)\n    at file:///Users/sethlim/Documents/sunder-next-migration-20260225/node_modules/@vitest/runner/dist/index.js:915:20"],"meta":{}},{"ancestorTitles":["First message flow (Anthropic SDK)"],"fullName":"First message flow (Anthropic SDK) returns 400 when no extracted documents found","status":"failed","title":"returns 400 when no extracted documents found","duration":1.2817499999998745,"failureMessages":["AssertionError: expected \"vi.fn()\" to be called with arguments: [ 400 ]\n\nReceived: \n\n  1st vi.fn() call:\n\n  [\n-   400,\n+   500,\n  ]\n\n\nNumber of calls: 1\n\n    at Proxy.<anonymous> (file:///Users/sethlim/Documents/sunder-next-migration-20260225/node_modules/@vitest/expect/dist/index.js:1420:10)\n    at Proxy.<anonymous> (file:///Users/sethlim/Documents/sunder-next-migration-20260225/node_modules/@vitest/expect/dist/index.js:1090:14)\n    at Proxy.methodWrapper (file:///Users/sethlim/Documents/sunder-next-migration-20260225/node_modules/chai/index.js:1700:25)\n    at /Users/sethlim/Documents/sunder-next-migration-20260225/src/server/api/__tests__/chat.test.ts:224:24\n    at processTicksAndRejections (node:internal/process/task_queues:105:5)\n    at file:///Users/sethlim/Documents/sunder-next-migration-20260225/node_modules/@vitest/runner/dist/index.js:915:20"],"meta":{}}],"startTime":1772025789434,"endTime":1772025789664.2817,"status":"failed","message":"","name":"/Users/sethlim/Documents/sunder-next-migration-20260225/src/server/api/__tests__/chat.test.ts"},{"assertionResults":[{"ancestorTitles":["Template validation constants"],"fullName":"Template validation constants allows correct file extensions","status":"passed","title":"allows correct file extensions","duration":3.1028329999999187,"failureMessages":[],"meta":{}},{"ancestorTitles":["Template validation constants"],"fullName":"Template validation constants has correct limits","status":"passed","title":"has correct limits","duration":0.7245829999999387,"failureMessages":[],"meta":{}},{"ancestorTitles":["validateTemplateFile"],"fullName":"validateTemplateFile accepts valid xlsx file","status":"passed","title":"accepts valid xlsx file","duration":0.7618750000001455,"failureMessages":[],"meta":{}},{"ancestorTitles":["validateTemplateFile"],"fullName":"validateTemplateFile accepts valid docx file","status":"passed","title":"accepts valid docx file","duration":0.47700000000008913,"failureMessages":[],"meta":{}},{"ancestorTitles":["validateTemplateFile"],"fullName":"validateTemplateFile accepts valid pdf file","status":"passed","title":"accepts valid pdf file","duration":0.216083000000026,"failureMessages":[],"meta":{}},{"ancestorTitles":["validateTemplateFile"],"fullName":"validateTemplateFile rejects unsupported file type","status":"passed","title":"rejects unsupported file type","duration":0.20320899999978792,"failureMessages":[],"meta":{}},{"ancestorTitles":["validateTemplateFile"],"fullName":"validateTemplateFile rejects file exceeding size limit","status":"passed","title":"rejects file exceeding size limit","duration":0.6606250000002092,"failureMessages":[],"meta":{}},{"ancestorTitles":["validateTemplateFiles"],"fullName":"validateTemplateFiles accepts valid file set","status":"passed","title":"accepts valid file set","duration":1.1743750000000546,"failureMessages":[],"meta":{}},{"ancestorTitles":["validateTemplateFiles"],"fullName":"validateTemplateFiles rejects more than 3 files","status":"passed","title":"rejects more than 3 files","duration":2.199583000000075,"failureMessages":[],"meta":{}},{"ancestorTitles":["validateTemplateFiles"],"fullName":"validateTemplateFiles rejects when total size exceeds limit","status":"passed","title":"rejects when total size exceeds limit","duration":0.3267500000001746,"failureMessages":[],"meta":{}},{"ancestorTitles":["validateTemplateFiles"],"fullName":"validateTemplateFiles collects individual file errors","status":"passed","title":"collects individual file errors","duration":0.11316600000009203,"failureMessages":[],"meta":{}}],"startTime":1772025801268,"endTime":1772025801279.1133,"status":"passed","message":"","name":"/Users/sethlim/Documents/sunder-next-migration-20260225/src/lib/analyst/__tests__/template-validation.test.ts"},{"assertionResults":[{"ancestorTitles":["UploadedFile type"],"fullName":"UploadedFile type accepts valid uploaded file metadata","status":"passed","title":"accepts valid uploaded file metadata","duration":1.32287499999984,"failureMessages":[],"meta":{}},{"ancestorTitles":["ChatSession type"],"fullName":"ChatSession type accepts uploadedFiles as optional array","status":"passed","title":"accepts uploadedFiles as optional array","duration":2.125167000000147,"failureMessages":[],"meta":{}},{"ancestorTitles":["ChatSession type"],"fullName":"ChatSession type allows ChatSession without uploadedFiles","status":"passed","title":"allows ChatSession without uploadedFiles","duration":0.4652080000000751,"failureMessages":[],"meta":{}}],"startTime":1772025803277,"endTime":1772025803281.465,"status":"passed","message":"","name":"/Users/sethlim/Documents/sunder-next-migration-20260225/src/lib/analyst/__tests__/types.test.ts"}]}